08:48:15 [App     ] Build date: Jan 16 2019, 03:04:56
08:48:15 [App     ] CPU: AMD FX-8370 Eight-Core Processor               
08:48:15 [App     ] RAM: 15.96GB Physical Memory 128.00TB Virtual Memory
08:48:15 [App     ] OS: Windows 8 x64
08:48:15 [App     ] SSE & AVX compatible CPU & OS detected
08:48:15 [App     ] Command line: -h
08:48:15 [App     ] Available options:

Generic options:
  -h [ --help ]                         produce this help message
  -w [ --working-folder ] arg           working directory (default current 
                                        directory)
  -c [ --config-file ] arg (=DensifyPointCloud.cfg)
                                        file name containing program options
  --archive-type arg (=2)               project archive type: 0-text, 1-binary,
                                        2-compressed binary
  --process-priority arg (=-1)          process priority (below normal by 
                                        default)
  --max-threads arg (=0)                maximum number of threads (0 for using 
                                        all available cores)
  -v [ --verbosity ] arg (=2)           verbosity level

Densify options:
  -i [ --input-file ] arg               input filename containing camera poses 
                                        and image list
  -o [ --output-file ] arg              output filename for storing the dense 
                                        point-cloud
  --resolution-level arg (=1)           how many times to scale down the images
                                        before point cloud computation
  --min-resolution arg (=640)           do not scale images lower than this 
                                        resolution
  --number-views arg (=4)               number of views used for depth-map 
                                        estimation (0 - all neighbor views 
                                        available)
  --number-views-fuse arg (=3)          minimum number of images that agrees 
                                        with an estimate during fusion in order
                                        to consider it inlier
  --estimate-colors arg (=1)            estimate the colors for the dense 
                                        point-cloud
  --estimate-normals arg (=0)           estimate the normals for the dense 
                                        point-cloud
  --sample-mesh arg (=0)                uniformly samples points on a mesh (0 -
                                        disabled, <0 - number of points, >0 - 
                                        sample density per square unit)
